
Showing logs for build [32mcb-kubecd-environment-pr-206-38-9chzk-1[0m stage [32mfrom-build-pack[0m and container [32mstep-credential-initializer-hzz5q[0m
{"level":"info","ts":1587544861.2467577,"logger":"fallback-logger","caller":"logging/config.go:69","msg":"Fetch GitHub commit ID from kodata failed: open /var/run/ko/refs/heads/0.8.0-ns-support: no such file or directory"}
{"level":"info","ts":1587544861.2477636,"logger":"fallback-logger","caller":"creds-init/main.go:40","msg":"Credentials initialized."}

Showing logs for build [32mcb-kubecd-environment-pr-206-38-9chzk-1[0m stage [32mfrom-build-pack[0m and container [32mstep-working-dir-initializer-26wgp[0m
{"level":"info","ts":1587544861.8412964,"logger":"fallback-logger","caller":"logging/config.go:69","msg":"Fetch GitHub commit ID from kodata failed: open /var/run/ko/HEAD: no such file or directory"}
{"level":"info","ts":1587544861.8426366,"logger":"fallback-logger","caller":"bash/main.go:64","msg":"Successfully executed command \"sh -c mkdir -p /workspace/source\"; output "}

Showing logs for build [32mcb-kubecd-environment-pr-206-38-9chzk-1[0m stage [32mfrom-build-pack[0m and container [32mstep-place-tools[0m

Showing logs for build [32mcb-kubecd-environment-pr-206-38-9chzk-1[0m stage [32mfrom-build-pack[0m and container [32mstep-git-source-cb-kubecd-environment-pr-206-38-9chzk-zz6vv[0m
{"level":"info","ts":1587544867.040304,"logger":"fallback-logger","caller":"logging/config.go:69","msg":"Fetch GitHub commit ID from kodata failed: open /var/run/ko/refs/heads/0.8.0-ns-support: no such file or directory"}
{"level":"info","ts":1587544868.0803041,"logger":"fallback-logger","caller":"git/git.go:103","msg":"Successfully cloned https://github.com/cb-kubecd/environment-pr-206-38-boot-vault-gke-staging.git @ master in path /workspace/source"}

Showing logs for build [32mcb-kubecd-environment-pr-206-38-9chzk-1[0m stage [32mfrom-build-pack[0m and container [32mstep-git-merge[0m
Using SHAs from PULL_REFS=master:23c96d3164220b2ac8f956423b93bea69b6de3ec,1:e74c55ca79fb6b7ad9f41ae50dff41c80608371f
DEBUG: LC_ALL=C JX_LOG_LEVEL=error git fetch origin --unshallow e74c55ca79fb6b7ad9f41ae50dff41c80608371f: 23c96d3164220b2ac8f956423b93bea69b6de3ec:
DEBUG: ran git fetch --unshallow origin e74c55ca79fb6b7ad9f41ae50dff41c80608371f: 23c96d3164220b2ac8f956423b93bea69b6de3ec: in 
DEBUG: LC_ALL=C JX_LOG_LEVEL=error git branch
DEBUG: LC_ALL=C JX_LOG_LEVEL=error git checkout master
DEBUG: ran git checkout master in 
DEBUG: LC_ALL=C JX_LOG_LEVEL=error git reset --hard 23c96d3164220b2ac8f956423b93bea69b6de3ec
DEBUG: ran git reset --hard 23c96d3164220b2ac8f956423b93bea69b6de3ec in 
DEBUG: JX_LOG_LEVEL=error LC_ALL=C git clean -fd .
DEBUG: ran clean --force -d . in 
DEBUG: LC_ALL=C JX_LOG_LEVEL=error git merge e74c55ca79fb6b7ad9f41ae50dff41c80608371f
DEBUG: ran git merge e74c55ca79fb6b7ad9f41ae50dff41c80608371f in 
DEBUG: LC_ALL=C JX_LOG_LEVEL=error git log --format=%H%x1f%an%x1f%ae%x1f%cn%x1f%ce%x1f%s%n%b%x1e 23c96d3164220b2ac8f956423b93bea69b6de3ec..HEAD
Merged SHA e74c55ca79fb6b7ad9f41ae50dff41c80608371f with commit message 'chore: Promote bdd-spring-1587544518 to version 0.0.1' into base branch master

Showing logs for build [32mcb-kubecd-environment-pr-206-38-9chzk-1[0m stage [32mfrom-build-pack[0m and container [32mstep-build-helm-build[0m
WARNING: No $CHART_REPOSITORY defined so using the default value of: http://jenkins-x-chartmuseum:8080
Adding missing Helm repo: storage.googleapis.com https://storage.googleapis.com/chartmuseum.jenkins-x.io
WARNING: No secrets found on "helm/repos" due: reading the secret "helm/repos" from vault: no secret "helm/repos" not found in vault
Read credentials for https://storage.googleapis.com/chartmuseum.jenkins-x.io from vault helm/repos
Successfully added Helm repository storage.googleapis.com.
Adding missing Helm repo: jenkins-x-chartmuseum http://jenkins-x-chartmuseum:8080
WARNING: No secrets found on "helm/repos" due: reading the secret "helm/repos" from vault: no secret "helm/repos" not found in vault
Read credentials for http://jenkins-x-chartmuseum:8080 from vault helm/repos
Successfully added Helm repository jenkins-x-chartmuseum.
WARNING: No $CHART_REPOSITORY defined so using the default value of: http://jenkins-x-chartmuseum:8080
Adding missing Helm repo: chartmuseum.jenkins-x.io http://chartmuseum.jenkins-x.io
WARNING: No secrets found on "helm/repos" due: reading the secret "helm/repos" from vault: no secret "helm/repos" not found in vault
Read credentials for http://chartmuseum.jenkins-x.io from vault helm/repos
Successfully added Helm repository chartmuseum.jenkins-x.io.
