
Showing logs for build [32mcb-kubecd-environment-pr-206-38-x6kvn-1[0m stage [32mfrom-build-pack[0m and container [32mstep-credential-initializer-ftmg8[0m
{"level":"info","ts":1587547417.4192846,"logger":"fallback-logger","caller":"logging/config.go:69","msg":"Fetch GitHub commit ID from kodata failed: open /var/run/ko/refs/heads/0.8.0-ns-support: no such file or directory"}
{"level":"info","ts":1587547417.419821,"logger":"fallback-logger","caller":"creds-init/main.go:40","msg":"Credentials initialized."}

Showing logs for build [32mcb-kubecd-environment-pr-206-38-x6kvn-1[0m stage [32mfrom-build-pack[0m and container [32mstep-working-dir-initializer-jwdh4[0m
{"level":"info","ts":1587547418.3315907,"logger":"fallback-logger","caller":"logging/config.go:69","msg":"Fetch GitHub commit ID from kodata failed: open /var/run/ko/HEAD: no such file or directory"}
{"level":"info","ts":1587547418.3410788,"logger":"fallback-logger","caller":"bash/main.go:64","msg":"Successfully executed command \"sh -c mkdir -p /workspace/source\"; output "}

Showing logs for build [32mcb-kubecd-environment-pr-206-38-x6kvn-1[0m stage [32mfrom-build-pack[0m and container [32mstep-place-tools[0m

Showing logs for build [32mcb-kubecd-environment-pr-206-38-x6kvn-1[0m stage [32mfrom-build-pack[0m and container [32mstep-git-source-cb-kubecd-environment-pr-206-38-x6kvn-h2vz9[0m
{"level":"info","ts":1587547422.5343223,"logger":"fallback-logger","caller":"logging/config.go:69","msg":"Fetch GitHub commit ID from kodata failed: open /var/run/ko/refs/heads/0.8.0-ns-support: no such file or directory"}
{"level":"info","ts":1587547423.5953522,"logger":"fallback-logger","caller":"git/git.go:103","msg":"Successfully cloned https://github.com/cb-kubecd/environment-pr-206-38-boot-vault-gke-staging.git @ master in path /workspace/source"}

Showing logs for build [32mcb-kubecd-environment-pr-206-38-x6kvn-1[0m stage [32mfrom-build-pack[0m and container [32mstep-git-merge[0m
Using SHAs from PULL_REFS=master:1eebb3f38a13de946b65a44292eb8fb2cd056904,3:fa94b84b3e4d5a6f09e663d858297de2bf7ddf75
DEBUG: LC_ALL=C JX_LOG_LEVEL=error git fetch origin --unshallow fa94b84b3e4d5a6f09e663d858297de2bf7ddf75: 1eebb3f38a13de946b65a44292eb8fb2cd056904:
DEBUG: ran git fetch --unshallow origin fa94b84b3e4d5a6f09e663d858297de2bf7ddf75: 1eebb3f38a13de946b65a44292eb8fb2cd056904: in 
DEBUG: JX_LOG_LEVEL=error LC_ALL=C git branch
DEBUG: LC_ALL=C JX_LOG_LEVEL=error git checkout master
DEBUG: ran git checkout master in 
DEBUG: LC_ALL=C JX_LOG_LEVEL=error git reset --hard 1eebb3f38a13de946b65a44292eb8fb2cd056904
DEBUG: ran git reset --hard 1eebb3f38a13de946b65a44292eb8fb2cd056904 in 
DEBUG: LC_ALL=C JX_LOG_LEVEL=error git clean -fd .
DEBUG: ran clean --force -d . in 
DEBUG: JX_LOG_LEVEL=error LC_ALL=C git merge fa94b84b3e4d5a6f09e663d858297de2bf7ddf75
DEBUG: ran git merge fa94b84b3e4d5a6f09e663d858297de2bf7ddf75 in 
DEBUG: JX_LOG_LEVEL=error LC_ALL=C git log --format=%H%x1f%an%x1f%ae%x1f%cn%x1f%ce%x1f%s%n%b%x1e 1eebb3f38a13de946b65a44292eb8fb2cd056904..HEAD
Merged SHA fa94b84b3e4d5a6f09e663d858297de2bf7ddf75 with commit message 'chore: Promote bdd-sbhg-1587546137 to version 0.0.1' into base branch master

Showing logs for build [32mcb-kubecd-environment-pr-206-38-x6kvn-1[0m stage [32mfrom-build-pack[0m and container [32mstep-build-helm-build[0m
WARNING: No $CHART_REPOSITORY defined so using the default value of: http://jenkins-x-chartmuseum:8080
Adding missing Helm repo: storage.googleapis.com https://storage.googleapis.com/chartmuseum.jenkins-x.io
WARNING: No secrets found on "helm/repos" due: reading the secret "helm/repos" from vault: no secret "helm/repos" not found in vault
Read credentials for https://storage.googleapis.com/chartmuseum.jenkins-x.io from vault helm/repos
Successfully added Helm repository storage.googleapis.com.
Adding missing Helm repo: jenkins-x-chartmuseum http://jenkins-x-chartmuseum:8080
WARNING: No secrets found on "helm/repos" due: reading the secret "helm/repos" from vault: no secret "helm/repos" not found in vault
Read credentials for http://jenkins-x-chartmuseum:8080 from vault helm/repos
Successfully added Helm repository jenkins-x-chartmuseum.
WARNING: No $CHART_REPOSITORY defined so using the default value of: http://jenkins-x-chartmuseum:8080
Adding missing Helm repo: chartmuseum.jenkins-x.io http://chartmuseum.jenkins-x.io
WARNING: No secrets found on "helm/repos" due: reading the secret "helm/repos" from vault: no secret "helm/repos" not found in vault
Read credentials for http://chartmuseum.jenkins-x.io from vault helm/repos
Successfully added Helm repository chartmuseum.jenkins-x.io.
