
Showing logs for build [32mcb-kubecd-environment-pr-206-38-2xz5m-1[0m stage [32mfrom-build-pack[0m and container [32mstep-credential-initializer-dkm8w[0m
{"level":"info","ts":1587546436.4399755,"logger":"fallback-logger","caller":"logging/config.go:69","msg":"Fetch GitHub commit ID from kodata failed: open /var/run/ko/refs/heads/0.8.0-ns-support: no such file or directory"}
{"level":"info","ts":1587546436.4432306,"logger":"fallback-logger","caller":"creds-init/main.go:40","msg":"Credentials initialized."}

Showing logs for build [32mcb-kubecd-environment-pr-206-38-2xz5m-1[0m stage [32mfrom-build-pack[0m and container [32mstep-working-dir-initializer-d6vqm[0m
{"level":"info","ts":1587546438.4732738,"logger":"fallback-logger","caller":"logging/config.go:69","msg":"Fetch GitHub commit ID from kodata failed: open /var/run/ko/HEAD: no such file or directory"}
{"level":"info","ts":1587546438.4748962,"logger":"fallback-logger","caller":"bash/main.go:64","msg":"Successfully executed command \"sh -c mkdir -p /workspace/source\"; output "}

Showing logs for build [32mcb-kubecd-environment-pr-206-38-2xz5m-1[0m stage [32mfrom-build-pack[0m and container [32mstep-place-tools[0m

Showing logs for build [32mcb-kubecd-environment-pr-206-38-2xz5m-1[0m stage [32mfrom-build-pack[0m and container [32mstep-git-source-cb-kubecd-environment-pr-206-38-2xz5m-phw9m[0m
{"level":"info","ts":1587546455.3931384,"logger":"fallback-logger","caller":"logging/config.go:69","msg":"Fetch GitHub commit ID from kodata failed: open /var/run/ko/refs/heads/0.8.0-ns-support: no such file or directory"}
{"level":"info","ts":1587546456.5244906,"logger":"fallback-logger","caller":"git/git.go:103","msg":"Successfully cloned https://github.com/cb-kubecd/environment-pr-206-38-boot-vault-gke-staging.git @ master in path /workspace/source"}

Showing logs for build [32mcb-kubecd-environment-pr-206-38-2xz5m-1[0m stage [32mfrom-build-pack[0m and container [32mstep-git-merge[0m
Using SHAs from PULL_REFS=master:6f6c5d7a3fec628f416ea5aeec5790d8ca619257,2:a8522b68f83e6d99015cc47f7f1eb87cebc829d5
DEBUG: LC_ALL=C JX_LOG_LEVEL=error git fetch origin --unshallow a8522b68f83e6d99015cc47f7f1eb87cebc829d5: 6f6c5d7a3fec628f416ea5aeec5790d8ca619257:
DEBUG: ran git fetch --unshallow origin a8522b68f83e6d99015cc47f7f1eb87cebc829d5: 6f6c5d7a3fec628f416ea5aeec5790d8ca619257: in 
DEBUG: LC_ALL=C JX_LOG_LEVEL=error git branch
DEBUG: JX_LOG_LEVEL=error LC_ALL=C git checkout master
DEBUG: ran git checkout master in 
DEBUG: LC_ALL=C JX_LOG_LEVEL=error git reset --hard 6f6c5d7a3fec628f416ea5aeec5790d8ca619257
DEBUG: ran git reset --hard 6f6c5d7a3fec628f416ea5aeec5790d8ca619257 in 
DEBUG: LC_ALL=C JX_LOG_LEVEL=error git clean -fd .
DEBUG: ran clean --force -d . in 
DEBUG: LC_ALL=C JX_LOG_LEVEL=error git merge a8522b68f83e6d99015cc47f7f1eb87cebc829d5
DEBUG: ran git merge a8522b68f83e6d99015cc47f7f1eb87cebc829d5 in 
DEBUG: LC_ALL=C JX_LOG_LEVEL=error git log --format=%H%x1f%an%x1f%ae%x1f%cn%x1f%ce%x1f%s%n%b%x1e 6f6c5d7a3fec628f416ea5aeec5790d8ca619257..HEAD
Merged SHA a8522b68f83e6d99015cc47f7f1eb87cebc829d5 with commit message 'chore: Promote bdd-gh-1587546137 to version 0.0.1' into base branch master

Showing logs for build [32mcb-kubecd-environment-pr-206-38-2xz5m-1[0m stage [32mfrom-build-pack[0m and container [32mstep-build-helm-build[0m
WARNING: No $CHART_REPOSITORY defined so using the default value of: http://jenkins-x-chartmuseum:8080
Adding missing Helm repo: storage.googleapis.com https://storage.googleapis.com/chartmuseum.jenkins-x.io
WARNING: No secrets found on "helm/repos" due: reading the secret "helm/repos" from vault: no secret "helm/repos" not found in vault
Read credentials for https://storage.googleapis.com/chartmuseum.jenkins-x.io from vault helm/repos
Successfully added Helm repository storage.googleapis.com.
Adding missing Helm repo: jenkins-x-chartmuseum http://jenkins-x-chartmuseum:8080
WARNING: No secrets found on "helm/repos" due: reading the secret "helm/repos" from vault: no secret "helm/repos" not found in vault
Read credentials for http://jenkins-x-chartmuseum:8080 from vault helm/repos
Successfully added Helm repository jenkins-x-chartmuseum.
WARNING: No $CHART_REPOSITORY defined so using the default value of: http://jenkins-x-chartmuseum:8080
Adding missing Helm repo: chartmuseum.jenkins-x.io http://chartmuseum.jenkins-x.io
WARNING: No secrets found on "helm/repos" due: reading the secret "helm/repos" from vault: no secret "helm/repos" not found in vault
Read credentials for http://chartmuseum.jenkins-x.io from vault helm/repos
Successfully added Helm repository chartmuseum.jenkins-x.io.
